{"uuid":"5bb4a367-44df-47bc-aeb2-465b05b98b3a","historyId":"b04de6eb0896fd47083f5bca378f78e","fullName":"LoginTest.shouldLogin","labels":[{"name":"package","value":"LoginTest"},{"name":"testClass","value":"LoginTest"},{"name":"testMethod","value":"shouldLogin"},{"name":"parentSuite","value":"Default Suite"},{"name":"suite","value":"sauceDemo"},{"name":"subSuite","value":"LoginTest"},{"name":"host","value":"pogorodnikov"},{"name":"thread","value":"20320@pogorodnikov.main(1)"},{"name":"framework","value":"testng"},{"name":"language","value":"java"},{"name":"epic","value":"Test"}],"links":[],"name":"shouldLogin","status":"failed","statusDetails":{"known":false,"muted":false,"flaky":false,"message":"Element not found {.product_label}\r\nExpected: exist\r\nScreenshot: file:/C:/Users/pogorodnikov/IdeaProjects/sauceDemo/build/reports/tests/1709545619636.0.png\r\nPage source: file:/C:/Users/pogorodnikov/IdeaProjects/sauceDemo/build/reports/tests/1709545619636.0.html\r\nTimeout: 4 s.\r\nCaused by: NoSuchElementException: Unable to locate element: .product_label","trace":"Element not found {.product_label}\r\nExpected: exist\r\nScreenshot: file:/C:/Users/pogorodnikov/IdeaProjects/sauceDemo/build/reports/tests/1709545619636.0.png\r\nPage source: file:/C:/Users/pogorodnikov/IdeaProjects/sauceDemo/build/reports/tests/1709545619636.0.html\r\nTimeout: 4 s.\r\nCaused by: NoSuchElementException: Unable to locate element: .product_label\r\n\tat com.codeborne.selenide.impl.WebElementSource.createElementNotFoundError(WebElementSource.java:91)\r\n\tat com.codeborne.selenide.impl.ElementFinder.createElementNotFoundError(ElementFinder.java:142)\r\n\tat com.codeborne.selenide.impl.ExceptionWrapper.wrap(ExceptionWrapper.java:32)\r\n\tat com.codeborne.selenide.impl.SelenideElementProxy.dispatchAndRetry(SelenideElementProxy.java:154)\r\n\tat com.codeborne.selenide.impl.SelenideElementProxy.invoke(SelenideElementProxy.java:84)\r\n\tat jdk.proxy2/jdk.proxy2.$Proxy9.getText(Unknown Source)\r\n\tat ru.work.pages.ProductsPage.getSubTitle(ProductsPage.java:18)\r\n\tat LoginTest.shouldLogin(LoginTest.java:17)\r\n\tat java.base/jdk.internal.reflect.DirectMethodHandleAccessor.invoke(DirectMethodHandleAccessor.java:103)\r\n\tat java.base/java.lang.reflect.Method.invoke(Method.java:580)\r\n\tat org.testng.internal.invokers.MethodInvocationHelper.invokeMethod(MethodInvocationHelper.java:139)\r\n\tat org.testng.internal.invokers.TestInvoker.invokeMethod(TestInvoker.java:664)\r\n\tat org.testng.internal.invokers.TestInvoker.invokeTestMethod(TestInvoker.java:228)\r\n\tat org.testng.internal.invokers.MethodRunner.runInSequence(MethodRunner.java:63)\r\n\tat org.testng.internal.invokers.TestInvoker$MethodInvocationAgent.invoke(TestInvoker.java:961)\r\n\tat org.testng.internal.invokers.TestInvoker.invokeTestMethods(TestInvoker.java:201)\r\n\tat org.testng.internal.invokers.TestMethodWorker.invokeTestMethods(TestMethodWorker.java:148)\r\n\tat org.testng.internal.invokers.TestMethodWorker.run(TestMethodWorker.java:128)\r\n\tat java.base/java.util.ArrayList.forEach(ArrayList.java:1596)\r\n\tat org.testng.TestRunner.privateRun(TestRunner.java:819)\r\n\tat org.testng.TestRunner.run(TestRunner.java:619)\r\n\tat org.testng.SuiteRunner.runTest(SuiteRunner.java:443)\r\n\tat org.testng.SuiteRunner.runSequentially(SuiteRunner.java:437)\r\n\tat org.testng.SuiteRunner.privateRun(SuiteRunner.java:397)\r\n\tat org.testng.SuiteRunner.run(SuiteRunner.java:336)\r\n\tat org.testng.SuiteRunnerWorker.runSuite(SuiteRunnerWorker.java:52)\r\n\tat org.testng.SuiteRunnerWorker.run(SuiteRunnerWorker.java:95)\r\n\tat org.testng.TestNG.runSuitesSequentially(TestNG.java:1301)\r\n\tat org.testng.TestNG.runSuitesLocally(TestNG.java:1228)\r\n\tat org.testng.TestNG.runSuites(TestNG.java:1134)\r\n\tat org.testng.TestNG.run(TestNG.java:1101)\r\n\tat com.intellij.rt.testng.IDEARemoteTestNG.run(IDEARemoteTestNG.java:65)\r\n\tat com.intellij.rt.testng.RemoteTestNGStarter.main(RemoteTestNGStarter.java:105)\r\nCaused by: org.openqa.selenium.NoSuchElementException: Unable to locate element: .product_label\nFor documentation on this error, please visit: https://www.selenium.dev/documentation/webdriver/troubleshooting/errors#no-such-element-exception\nBuild info: version: '4.17.0', revision: 'e52b1be057*'\nSystem info: os.name: 'Windows 10', os.arch: 'amd64', os.version: '10.0', java.version: '21.0.1'\nDriver info: org.openqa.selenium.firefox.FirefoxDriver\nCommand: [cfac390c-2fb9-41d3-a475-95c5f8225672, findElement {using=css selector, value=.product_label}]\nCapabilities {acceptInsecureCerts: true, browserName: firefox, browserVersion: 123.0, moz:accessibilityChecks: false, moz:buildID: 20240213221259, moz:debuggerAddress: 127.0.0.1:27789, moz:geckodriverVersion: 0.34.0, moz:headless: false, moz:platformVersion: 10.0, moz:processID: 29632, moz:profile: C:\\Users\\POGORO~1\\AppData\\L..., moz:shutdownTimeout: 60000, moz:webdriverClick: true, moz:windowless: false, pageLoadStrategy: normal, platformName: windows, proxy: Proxy(), se:cdp: ws://127.0.0.1:27789/devtoo..., se:cdpVersion: 85.0, setWindowRect: true, strictFileInteractability: false, timeouts: {implicit: 0, pageLoad: 300000, script: 30000}, unhandledPromptBehavior: accept}\nSession ID: cfac390c-2fb9-41d3-a475-95c5f8225672\r\n\tat java.base/jdk.internal.reflect.DirectConstructorHandleAccessor.newInstance(DirectConstructorHandleAccessor.java:62)\r\n\tat java.base/java.lang.reflect.Constructor.newInstanceWithCaller(Constructor.java:502)\r\n\tat java.base/java.lang.reflect.Constructor.newInstance(Constructor.java:486)\r\n\tat org.openqa.selenium.remote.codec.w3c.W3CHttpResponseCodec.createException(W3CHttpResponseCodec.java:185)\r\n\tat org.openqa.selenium.remote.codec.w3c.W3CHttpResponseCodec.decode(W3CHttpResponseCodec.java:134)\r\n\tat org.openqa.selenium.remote.codec.w3c.W3CHttpResponseCodec.decode(W3CHttpResponseCodec.java:51)\r\n\tat org.openqa.selenium.remote.HttpCommandExecutor.execute(HttpCommandExecutor.java:190)\r\n\tat org.openqa.selenium.remote.service.DriverCommandExecutor.invokeExecute(DriverCommandExecutor.java:216)\r\n\tat org.openqa.selenium.remote.service.DriverCommandExecutor.execute(DriverCommandExecutor.java:174)\r\n\tat org.openqa.selenium.remote.RemoteWebDriver.execute(RemoteWebDriver.java:519)\r\n\tat org.openqa.selenium.remote.ElementLocation$ElementFinder$2.findElement(ElementLocation.java:165)\r\n\tat org.openqa.selenium.remote.ElementLocation.findElement(ElementLocation.java:59)\r\n\tat org.openqa.selenium.remote.RemoteWebDriver.findElement(RemoteWebDriver.java:356)\r\n\tat org.openqa.selenium.remote.RemoteWebDriver.findElement(RemoteWebDriver.java:350)\r\n\tat com.codeborne.selenide.impl.WebElementSelector.findElement(WebElementSelector.java:70)\r\n\tat com.codeborne.selenide.impl.WebElementSelector.findElement(WebElementSelector.java:44)\r\n\tat com.codeborne.selenide.impl.WebElementSelector.findElement(WebElementSelector.java:33)\r\n\tat com.codeborne.selenide.impl.ElementFinder.getWebElement(ElementFinder.java:122)\r\n\tat com.codeborne.selenide.commands.GetText.execute(GetText.java:29)\r\n\tat com.codeborne.selenide.commands.GetText.execute(GetText.java:13)\r\n\tat com.codeborne.selenide.commands.Commands.execute(Commands.java:162)\r\n\tat com.codeborne.selenide.impl.SelenideElementProxy.dispatchAndRetry(SelenideElementProxy.java:132)\r\n\t... 29 more\r\n"},"stage":"finished","steps":[],"attachments":[],"parameters":[{"name":"arg1","value":"secret_sauce"},{"name":"arg0","value":"locked_out_user"}],"start":1709545615089,"stop":1709545619744}